Arguments: 
  C:\Users\Lucas\Desktop\FiveM-Server\Server-files\FXServer.exe C:\Users\Lucas\Desktop\FiveM-Server\server\resources\[cfx-default]\[system]\[builders]\yarn\yarn_cli.js install --ignore-scripts --cache-folder C:\Users\Lucas\Desktop\FiveM-Server\server\cache\yarn-cache --mutex file:C:\Users\Lucas\Desktop\FiveM-Server\server\cache\yarn-mutex

PATH: 
  C:\Program Files\Common Files\Oracle\Java\javapath;C:\Program Files (x86)\Common Files\Oracle\Java\javapath;C:\Windows\system32;C:\Windows;C:\Windows\System32\Wbem;C:\Windows\System32\WindowsPowerShell\v1.0\;C:\Windows\System32\OpenSSH\;C:\Program Files\NVIDIA Corporation\NVIDIA NvDLISR;C:\Program Files\dotnet\;C:\Program Files\nodejs\;C:\Program Files\Git\cmd;C:\Users\Lucas\AppData\Local\Android\Sdk\platform-tools;C:\Program Files (x86)\Windows Kits\10\Windows Performance Toolkit\;C:\Program Files\PuTTY\;C:\Program Files\Tailscale\;C:\Program Files\Docker\Docker\resources\bin;C:\Program Files (x86)\GtkSharp\2.12\bin;C:\Program Files\Airshipper\;C:\Program Files (x86)\NVIDIA Corporation\PhysX\Common;C:\Users\Lucas\AppData\Local\Programs\Python\Python312\Scripts\;C:\Users\Lucas\AppData\Local\Programs\Python\Python312\;C:\Users\Lucas\AppData\Local\Microsoft\WindowsApps;C:\Users\Lucas\AppData\Local\Programs\Microsoft VS Code\bin;C:\Users\Lucas\AppData\Roaming\npm;C:\Users\Lucas\AppData\Local\GitHubDesktop\bin;C:\Users\Lucas\.dotnet\tools;C:\Program Files\heroku\bin;C:\Program Files\JetBrains\IntelliJ IDEA 2024.1.4\bin;;C:\Users\Lucas\Downloads\flutter\bin

Yarn version: 
  1.22.5

Node version: 
  16.9.1

Platform: 
  win32 x64

Trace: 
  Error: EPERM: operation not permitted, unlink 'C:\Users\Lucas\Desktop\FiveM-Server\server\resources\script\node_modules\@esbuild\win32-x64\esbuild.exe'

npm manifest: 
  {
  	"name": "name",
  	"version": "1.0.0",
  	"description": "",
  	"scripts": {
  		"build": "node ./prod.build.js",
  		"watch": "esbuild --watch --bundle --minify --platform=browser --target=es2020 --outdir=build ./client/*.ts ./server/*.ts"
  	},
  	"keywords": [],
  	"author": "",
  	"license": "ISC",
  	"devDependencies": {
  		"@citizenfx/client": "^2.0.6947-1",
  		"@citizenfx/server": "^2.0.6947-1",
  		"@types/node": "^20.8.9",
  		"@types/uuid": "^10.0.0",
  		"esbuild": "^0.19.5",
  		"typescript": "^5.2.2"
  	},
  	"dependencies": {
  		"uuid": "^10.0.0"
  	}
  }

yarn manifest: 
  No manifest

Lockfile: 
  # THIS IS AN AUTOGENERATED FILE. DO NOT EDIT THIS FILE DIRECTLY.
  # yarn lockfile v1
  
  
  "@citizenfx/client@^2.0.6947-1":
    version "2.0.6947-1"
    resolved "https://registry.npmjs.org/@citizenfx/client/-/client-2.0.6947-1.tgz"
    integrity sha512-Kxix7H+l15WgLg2vg0N+SNB3i7HEGBNhUsbN7mdRoHA45fhOp5lIOYegTFnFqMQrE1i506OlEH+KAxJcwh/GyQ==
  
  "@citizenfx/server@^2.0.6947-1":
    version "2.0.6947-1"
    resolved "https://registry.npmjs.org/@citizenfx/server/-/server-2.0.6947-1.tgz"
    integrity sha512-s/uweR1YgHtvO2ToUjoBKJqWUD2778LZWVBlUylQvsUuu5HZXrkpa+sWxQ8yvRCWns+oNHWNMZpbVXnChlC/FQ==
  
  "@esbuild/win32-x64@0.19.12":
    version "0.19.12"
    resolved "https://registry.npmjs.org/@esbuild/win32-x64/-/win32-x64-0.19.12.tgz"
    integrity sha512-T1QyPSDCyMXaO3pzBkF96E8xMkiRYbUEZADd29SyPGabqxMViNoii+NcK7eWJAEoU6RZyEm5lVSIjTmcdoB9HA==
  
  "@types/node@^20.8.9":
    version "20.14.13"
    resolved "https://registry.npmjs.org/@types/node/-/node-20.14.13.tgz"
    integrity sha512-+bHoGiZb8UiQ0+WEtmph2IWQCjIqg8MDZMAV+ppRRhUZnquF5mQkP/9vpSwJClEiSM/C7fZZExPzfU0vJTyp8w==
    dependencies:
      undici-types "~5.26.4"
  
  "@types/uuid@^10.0.0":
    version "10.0.0"
    resolved "https://registry.npmjs.org/@types/uuid/-/uuid-10.0.0.tgz"
    integrity sha512-7gqG38EyHgyP1S+7+xomFtL+ZNHcKv6DwNaCZmJmo1vgMugyF3TCnXVg4t1uk89mLNwnLtnY3TpOpCOyp1/xHQ==
  
  esbuild@^0.19.5:
    version "0.19.12"
    resolved "https://registry.npmjs.org/esbuild/-/esbuild-0.19.12.tgz"
    integrity sha512-aARqgq8roFBj054KvQr5f1sFu0D65G+miZRCuJyJ0G13Zwx7vRar5Zhn2tkQNzIXcBrNVsv/8stehpj+GAjgbg==
    optionalDependencies:
      "@esbuild/aix-ppc64" "0.19.12"
      "@esbuild/android-arm" "0.19.12"
      "@esbuild/android-arm64" "0.19.12"
      "@esbuild/android-x64" "0.19.12"
      "@esbuild/darwin-arm64" "0.19.12"
      "@esbuild/darwin-x64" "0.19.12"
      "@esbuild/freebsd-arm64" "0.19.12"
      "@esbuild/freebsd-x64" "0.19.12"
      "@esbuild/linux-arm" "0.19.12"
      "@esbuild/linux-arm64" "0.19.12"
      "@esbuild/linux-ia32" "0.19.12"
      "@esbuild/linux-loong64" "0.19.12"
      "@esbuild/linux-mips64el" "0.19.12"
      "@esbuild/linux-ppc64" "0.19.12"
      "@esbuild/linux-riscv64" "0.19.12"
      "@esbuild/linux-s390x" "0.19.12"
      "@esbuild/linux-x64" "0.19.12"
      "@esbuild/netbsd-x64" "0.19.12"
      "@esbuild/openbsd-x64" "0.19.12"
      "@esbuild/sunos-x64" "0.19.12"
      "@esbuild/win32-arm64" "0.19.12"
      "@esbuild/win32-ia32" "0.19.12"
      "@esbuild/win32-x64" "0.19.12"
  
  typescript@^5.2.2:
    version "5.5.4"
    resolved "https://registry.npmjs.org/typescript/-/typescript-5.5.4.tgz"
    integrity sha512-Mtq29sKDAEYP7aljRgtPOpTvOfbwRWlS6dPRzwjdE+C0R4brX/GUyhHSecbHMFLNBLcJIPt9nl9yG5TZ1weH+Q==
  
  undici-types@~5.26.4:
    version "5.26.5"
    resolved "https://registry.npmjs.org/undici-types/-/undici-types-5.26.5.tgz"
    integrity sha512-JlCMO+ehdEIKqlFxk6IfVoAUVmgz7cU7zD/h9XZ0qzeosSHmUJVOzSQvvYSYWXkFXC+IfLKSIffhv0sVZup6pA==
  
  uuid@^10.0.0:
    version "10.0.0"
    resolved "https://registry.npmjs.org/uuid/-/uuid-10.0.0.tgz"
    integrity sha512-8XkAphELsDnEGrDxUOHB3RGvXz6TeuYSGEZBOjtTtPm2lwhGBjLgOzLHB63IUWfBpNucQjND6d3AOudO+H3RWQ==
